{"@timestamp":"2025-12-26T17:37:20.001701-06:00","level":"INFO","thread_name":"main","logger_name":"com.sample.projects.postandcomments.PostEntityAndCommentsApplicationTests","message":"Starting PostEntityAndCommentsApplicationTests using Java 17.0.7 with PID 31974 (started by girmamogesteklemariam in /Users/girmamogesteklemariam/ComputerEngineering/Projects/SampleProjects/Post-Comments-App)"}
{"@timestamp":"2025-12-26T17:37:20.006569-06:00","level":"INFO","thread_name":"main","logger_name":"com.sample.projects.postandcomments.PostEntityAndCommentsApplicationTests","message":"The following 1 profile is active: \"test\""}
{"@timestamp":"2025-12-26T17:37:20.470393-06:00","level":"INFO","thread_name":"main","logger_name":"org.springframework.data.repository.config.RepositoryConfigurationDelegate","message":"Bootstrapping Spring Data JPA repositories in DEFAULT mode."}
{"@timestamp":"2025-12-26T17:37:20.545558-06:00","level":"INFO","thread_name":"main","logger_name":"org.springframework.data.repository.config.RepositoryConfigurationDelegate","message":"Finished Spring Data repository scanning in 71 ms. Found 4 JPA repository interfaces."}
{"@timestamp":"2025-12-26T17:37:20.776463-06:00","level":"INFO","thread_name":"main","logger_name":"org.hibernate.jpa.internal.util.LogHelper","message":"HHH000204: Processing PersistenceUnitInfo [name: default]"}
{"@timestamp":"2025-12-26T17:37:20.801334-06:00","level":"INFO","thread_name":"main","logger_name":"org.hibernate.Version","message":"HHH000412: Hibernate ORM core version 6.6.33.Final"}
{"@timestamp":"2025-12-26T17:37:20.816297-06:00","level":"INFO","thread_name":"main","logger_name":"org.hibernate.cache.internal.RegionFactoryInitiator","message":"HHH000026: Second-level cache disabled"}
{"@timestamp":"2025-12-26T17:37:20.917952-06:00","level":"INFO","thread_name":"main","logger_name":"org.springframework.orm.jpa.persistenceunit.SpringPersistenceUnitInfo","message":"No LoadTimeWeaver setup: ignoring JPA class transformer"}
{"@timestamp":"2025-12-26T17:37:20.93067-06:00","level":"INFO","thread_name":"main","logger_name":"com.zaxxer.hikari.HikariDataSource","message":"HikariPool-1 - Starting..."}
{"@timestamp":"2025-12-26T17:37:21.016185-06:00","level":"INFO","thread_name":"main","logger_name":"com.zaxxer.hikari.pool.HikariPool","message":"HikariPool-1 - Added connection conn0: url=jdbc:h2:mem:testdb user=SA"}
{"@timestamp":"2025-12-26T17:37:21.017708-06:00","level":"INFO","thread_name":"main","logger_name":"com.zaxxer.hikari.HikariDataSource","message":"HikariPool-1 - Start completed."}
{"@timestamp":"2025-12-26T17:37:21.029799-06:00","level":"WARN","thread_name":"main","logger_name":"org.hibernate.orm.deprecation","message":"HHH90000025: H2Dialect does not need to be specified explicitly using 'hibernate.dialect' (remove the property setting and it will be selected by default)"}
{"@timestamp":"2025-12-26T17:37:21.040046-06:00","level":"INFO","thread_name":"main","logger_name":"org.hibernate.orm.connections.pooling","message":"HHH10001005: Database info:\n\tDatabase JDBC URL [Connecting through datasource 'HikariDataSource (HikariPool-1)']\n\tDatabase driver: undefined/unknown\n\tDatabase version: 2.3.232\n\tAutocommit mode: undefined/unknown\n\tIsolation level: undefined/unknown\n\tMinimum pool size: undefined/unknown\n\tMaximum pool size: undefined/unknown"}
{"@timestamp":"2025-12-26T17:37:21.443055-06:00","level":"INFO","thread_name":"main","logger_name":"org.hibernate.engine.transaction.jta.platform.internal.JtaPlatformInitiator","message":"HHH000489: No JTA platform available (set 'hibernate.transaction.jta.platform' to enable JTA platform integration)"}
{"@timestamp":"2025-12-26T17:37:21.466071-06:00","level":"INFO","thread_name":"main","logger_name":"org.springframework.orm.jpa.LocalContainerEntityManagerFactoryBean","message":"Initialized JPA EntityManagerFactory for persistence unit 'default'"}
{"@timestamp":"2025-12-26T17:37:21.570662-06:00","level":"INFO","thread_name":"main","logger_name":"com.sample.projects.postandcomments.config.TestAiConfig","message":"Creating mock ChatClient for tests"}
{"@timestamp":"2025-12-26T17:37:22.093489-06:00","level":"WARN","thread_name":"main","logger_name":"org.springframework.boot.autoconfigure.orm.jpa.JpaBaseConfiguration$JpaWebConfiguration","message":"spring.jpa.open-in-view is enabled by default. Therefore, database queries may be performed during view rendering. Explicitly configure spring.jpa.open-in-view to disable this warning"}
{"@timestamp":"2025-12-26T17:37:22.569901-06:00","level":"INFO","thread_name":"main","logger_name":"org.springframework.boot.actuate.endpoint.web.EndpointLinksResolver","message":"Exposing 1 endpoint beneath base path '/actuator'"}
{"@timestamp":"2025-12-26T17:37:22.615063-06:00","level":"INFO","thread_name":"main","logger_name":"com.sample.projects.postandcomments.PostEntityAndCommentsApplicationTests","message":"Started PostEntityAndCommentsApplicationTests in 2.851 seconds (process running for 3.607)"}
{"@timestamp":"2025-12-26T17:37:22.650858-06:00","level":"INFO","thread_name":"main","logger_name":"org.springframework.test.context.support.AnnotationConfigContextLoaderUtils","message":"Could not detect default configuration classes for test class [com.sample.projects.postandcomments.repository.PostEntityRepositoryTest]: PostEntityRepositoryTest does not declare any static, non-private, non-final, nested classes annotated with @Configuration."}
{"@timestamp":"2025-12-26T17:37:22.660563-06:00","level":"INFO","thread_name":"main","logger_name":"org.springframework.boot.test.context.SpringBootTestContextBootstrapper","message":"Found @SpringBootConfiguration com.sample.projects.postandcomments.PostAndCommentsApplication for test class com.sample.projects.postandcomments.repository.PostEntityRepositoryTest"}
{"@timestamp":"2025-12-26T17:37:22.670025-06:00","level":"INFO","thread_name":"main","logger_name":"com.sample.projects.postandcomments.repository.PostEntityRepositoryTest","message":"Starting PostEntityRepositoryTest using Java 17.0.7 with PID 31974 (started by girmamogesteklemariam in /Users/girmamogesteklemariam/ComputerEngineering/Projects/SampleProjects/Post-Comments-App)"}
{"@timestamp":"2025-12-26T17:37:22.670177-06:00","level":"INFO","thread_name":"main","logger_name":"com.sample.projects.postandcomments.repository.PostEntityRepositoryTest","message":"The following 1 profile is active: \"test\""}
{"@timestamp":"2025-12-26T17:37:22.710544-06:00","level":"INFO","thread_name":"main","logger_name":"org.springframework.data.repository.config.RepositoryConfigurationDelegate","message":"Bootstrapping Spring Data JPA repositories in DEFAULT mode."}
{"@timestamp":"2025-12-26T17:37:22.717446-06:00","level":"INFO","thread_name":"main","logger_name":"org.springframework.data.repository.config.RepositoryConfigurationDelegate","message":"Finished Spring Data repository scanning in 6 ms. Found 4 JPA repository interfaces."}
{"@timestamp":"2025-12-26T17:37:22.723019-06:00","level":"INFO","thread_name":"main","logger_name":"org.springframework.boot.test.autoconfigure.jdbc.TestDatabaseAutoConfiguration$EmbeddedDataSourceBeanFactoryPostProcessor","message":"Replacing 'dataSource' DataSource bean with embedded version"}
{"@timestamp":"2025-12-26T17:37:22.731542-06:00","level":"INFO","thread_name":"main","logger_name":"org.springframework.jdbc.datasource.embedded.EmbeddedDatabaseFactory","message":"Starting embedded database: url='jdbc:h2:mem:ae80ca80-d928-4434-88fa-63398184cd73;DB_CLOSE_DELAY=-1;DB_CLOSE_ON_EXIT=false', username='sa'"}
{"@timestamp":"2025-12-26T17:37:22.739315-06:00","level":"INFO","thread_name":"main","logger_name":"org.hibernate.jpa.internal.util.LogHelper","message":"HHH000204: Processing PersistenceUnitInfo [name: default]"}
{"@timestamp":"2025-12-26T17:37:22.740301-06:00","level":"INFO","thread_name":"main","logger_name":"org.hibernate.cache.internal.RegionFactoryInitiator","message":"HHH000026: Second-level cache disabled"}
{"@timestamp":"2025-12-26T17:37:22.745161-06:00","level":"INFO","thread_name":"main","logger_name":"org.springframework.orm.jpa.persistenceunit.SpringPersistenceUnitInfo","message":"No LoadTimeWeaver setup: ignoring JPA class transformer"}
{"@timestamp":"2025-12-26T17:37:22.745963-06:00","level":"WARN","thread_name":"main","logger_name":"org.hibernate.orm.deprecation","message":"HHH90000025: H2Dialect does not need to be specified explicitly using 'hibernate.dialect' (remove the property setting and it will be selected by default)"}
{"@timestamp":"2025-12-26T17:37:22.746298-06:00","level":"INFO","thread_name":"main","logger_name":"org.hibernate.orm.connections.pooling","message":"HHH10001005: Database info:\n\tDatabase JDBC URL [Connecting through datasource 'org.springframework.jdbc.datasource.embedded.EmbeddedDatabaseFactory$EmbeddedDataSourceProxy@463b865b']\n\tDatabase driver: undefined/unknown\n\tDatabase version: 2.3.232\n\tAutocommit mode: undefined/unknown\n\tIsolation level: undefined/unknown\n\tMinimum pool size: undefined/unknown\n\tMaximum pool size: undefined/unknown"}
{"@timestamp":"2025-12-26T17:37:22.772534-06:00","level":"INFO","thread_name":"main","logger_name":"org.hibernate.engine.transaction.jta.platform.internal.JtaPlatformInitiator","message":"HHH000489: No JTA platform available (set 'hibernate.transaction.jta.platform' to enable JTA platform integration)"}
{"@timestamp":"2025-12-26T17:37:22.778135-06:00","level":"INFO","thread_name":"main","logger_name":"org.springframework.orm.jpa.LocalContainerEntityManagerFactoryBean","message":"Initialized JPA EntityManagerFactory for persistence unit 'default'"}
{"@timestamp":"2025-12-26T17:37:22.800353-06:00","level":"INFO","thread_name":"main","logger_name":"com.sample.projects.postandcomments.repository.PostEntityRepositoryTest","message":"Started PostEntityRepositoryTest in 0.139 seconds (process running for 3.792)"}
{"@timestamp":"2025-12-26T17:37:23.183211-06:00","level":"INFO","thread_name":"main","logger_name":"org.springframework.test.context.support.AnnotationConfigContextLoaderUtils","message":"Could not detect default configuration classes for test class [com.sample.projects.postandcomments.controller.PostEntityControllerTest]: PostEntityControllerTest does not declare any static, non-private, non-final, nested classes annotated with @Configuration."}
{"@timestamp":"2025-12-26T17:37:23.191764-06:00","level":"INFO","thread_name":"main","logger_name":"org.springframework.boot.test.context.SpringBootTestContextBootstrapper","message":"Found @SpringBootConfiguration com.sample.projects.postandcomments.PostAndCommentsApplication for test class com.sample.projects.postandcomments.controller.PostEntityControllerTest"}
{"@timestamp":"2025-12-26T17:37:23.202643-06:00","level":"INFO","thread_name":"main","logger_name":"com.sample.projects.postandcomments.controller.PostEntityControllerTest","message":"Starting PostEntityControllerTest using Java 17.0.7 with PID 31974 (started by girmamogesteklemariam in /Users/girmamogesteklemariam/ComputerEngineering/Projects/SampleProjects/Post-Comments-App)"}
{"@timestamp":"2025-12-26T17:37:23.202854-06:00","level":"INFO","thread_name":"main","logger_name":"com.sample.projects.postandcomments.controller.PostEntityControllerTest","message":"No active profile set, falling back to 1 default profile: \"default\""}
{"@timestamp":"2025-12-26T17:37:23.319717-06:00","level":"INFO","thread_name":"main","logger_name":"org.springframework.boot.test.mock.web.SpringBootMockServletContext","message":"Initializing Spring TestDispatcherServlet ''"}
{"@timestamp":"2025-12-26T17:37:23.319907-06:00","level":"INFO","thread_name":"main","logger_name":"org.springframework.test.web.servlet.TestDispatcherServlet","message":"Initializing Servlet ''"}
{"@timestamp":"2025-12-26T17:37:23.320223-06:00","level":"INFO","thread_name":"main","logger_name":"org.springframework.test.web.servlet.TestDispatcherServlet","message":"Completed initialization in 1 ms"}
{"@timestamp":"2025-12-26T17:37:23.332696-06:00","level":"INFO","thread_name":"main","logger_name":"com.sample.projects.postandcomments.controller.PostEntityControllerTest","message":"Started PostEntityControllerTest in 0.139 seconds (process running for 4.325)"}
{"@timestamp":"2025-12-26T17:37:23.348937-06:00","level":"INFO","thread_name":"main","logger_name":"com.sample.projects.postandcomments.controller.PostController","correlationId":"3b051c4d-34a2-45d9-a6d5-531786f78fec","message":"Deleting postEntity with id: 1"}
{"@timestamp":"2025-12-26T17:37:23.400687-06:00","level":"INFO","thread_name":"main","logger_name":"com.sample.projects.postandcomments.controller.PostController","correlationId":"a59d0a22-e3e2-4cd1-b2c7-83b058c17dee","message":"Updating postEntity with id: 1, includeAi: false"}
{"@timestamp":"2025-12-26T17:37:23.406023-06:00","level":"INFO","thread_name":"main","logger_name":"com.sample.projects.postandcomments.controller.PostController","correlationId":"27733442-64e3-40ed-80d0-d67b6fb1c730","message":"Retrieving postEntity by id: 1, includeAi: false"}
{"@timestamp":"2025-12-26T17:37:23.410935-06:00","level":"INFO","thread_name":"main","logger_name":"com.sample.projects.postandcomments.controller.PostController","correlationId":"b9695b17-57fc-4bf8-ac22-840e863a3a8d","message":"Creating new postEntity with title: Test PostEntity Title, includeAi: true"}
{"@timestamp":"2025-12-26T17:37:23.413629-06:00","level":"INFO","thread_name":"main","logger_name":"com.sample.projects.postandcomments.controller.PostController","correlationId":"16e83fe8-ec13-4885-8d4a-49f241d68678","message":"Retrieving postEntity by id: 999, includeAi: false"}
{"@timestamp":"2025-12-26T17:37:23.413782-06:00","level":"WARN","thread_name":"main","logger_name":"com.sample.projects.postandcomments.controller.PostController","correlationId":"16e83fe8-ec13-4885-8d4a-49f241d68678","message":"PostEntity not found with id: 999"}
{"@timestamp":"2025-12-26T17:37:23.414783-06:00","level":"WARN","thread_name":"main","logger_name":"com.sample.projects.postandcomments.exception.GlobalExceptionHandler","correlationId":"16e83fe8-ec13-4885-8d4a-49f241d68678","message":"Resource not found: PostEntity with id 999 not found - Path: /api/v1/posts/999"}
{"@timestamp":"2025-12-26T17:37:23.421286-06:00","level":"INFO","thread_name":"main","logger_name":"com.sample.projects.postandcomments.controller.PostController","correlationId":"a1c48164-6e6d-4af9-9461-c4f2cc248f51","message":"Deleting postEntity with id: 999"}
{"@timestamp":"2025-12-26T17:37:23.421998-06:00","level":"WARN","thread_name":"main","logger_name":"com.sample.projects.postandcomments.exception.GlobalExceptionHandler","correlationId":"a1c48164-6e6d-4af9-9461-c4f2cc248f51","message":"Resource not found: PostEntity with id 999 not found - Path: /api/v1/posts/999"}
{"@timestamp":"2025-12-26T17:37:23.425029-06:00","level":"INFO","thread_name":"main","logger_name":"com.sample.projects.postandcomments.controller.PostController","correlationId":"76218ac2-b76c-468f-99d0-05b94ec9ab0c","message":"Updating postEntity with id: 999, includeAi: false"}
{"@timestamp":"2025-12-26T17:37:23.425487-06:00","level":"WARN","thread_name":"main","logger_name":"com.sample.projects.postandcomments.exception.GlobalExceptionHandler","correlationId":"76218ac2-b76c-468f-99d0-05b94ec9ab0c","message":"Resource not found: PostEntity with id 999 not found - Path: /api/v1/posts/999"}
{"@timestamp":"2025-12-26T17:37:23.428265-06:00","level":"INFO","thread_name":"main","logger_name":"com.sample.projects.postandcomments.controller.PostController","correlationId":"2669a73b-6458-45bc-bbe2-f02226076e89","message":"Creating new postEntity with title: Test PostEntity Title, includeAi: false"}
{"@timestamp":"2025-12-26T17:37:23.432964-06:00","level":"WARN","thread_name":"main","logger_name":"com.sample.projects.postandcomments.exception.GlobalExceptionHandler","correlationId":"0c50aed2-e1d4-47b2-8b6f-09fbdc765d63","message":"Method argument validation failed: [title: Title is required, title: Title must be between 1 and 255 characters] - Path: /api/v1/posts"}
{"@timestamp":"2025-12-26T17:37:23.436908-06:00","level":"INFO","thread_name":"main","logger_name":"com.sample.projects.postandcomments.controller.PostController","correlationId":"ea5045a4-1ceb-4e88-8754-6a8db352dcd7","message":"Retrieving all postEntities"}
{"@timestamp":"2025-12-26T17:37:23.535767-06:00","level":"INFO","thread_name":"main","logger_name":"com.sample.projects.postandcomments.service.impl.PostServiceImpl","message":"PostEntity updated successfully with id: 1"}
{"@timestamp":"2025-12-26T17:37:23.538207-06:00","level":"WARN","thread_name":"main","logger_name":"com.sample.projects.postandcomments.service.impl.PostServiceImpl","message":"Invalid tag id found: 0"}
{"@timestamp":"2025-12-26T17:37:23.538356-06:00","level":"WARN","thread_name":"main","logger_name":"com.sample.projects.postandcomments.service.impl.PostServiceImpl","message":"Invalid tag id found: -1"}
{"@timestamp":"2025-12-26T17:37:23.538411-06:00","level":"ERROR","thread_name":"main","logger_name":"com.sample.projects.postandcomments.service.impl.PostServiceImpl","message":"TagEntity validation failed with 2 error(s): [TagEntity id must be greater than 0, TagEntity id must be greater than 0]"}
{"@timestamp":"2025-12-26T17:37:23.545783-06:00","level":"INFO","thread_name":"main","logger_name":"com.sample.projects.postandcomments.service.impl.PostServiceImpl","message":"PostEntity deleted successfully with id: 1"}
{"@timestamp":"2025-12-26T17:37:23.546879-06:00","level":"INFO","thread_name":"main","logger_name":"com.sample.projects.postandcomments.service.impl.PostServiceImpl","message":"Found 2 postEntity(s)"}
{"@timestamp":"2025-12-26T17:37:23.548884-06:00","level":"WARN","thread_name":"main","logger_name":"com.sample.projects.postandcomments.service.impl.PostServiceImpl","message":"TagEntity not found with id: 999"}
{"@timestamp":"2025-12-26T17:37:23.549066-06:00","level":"ERROR","thread_name":"main","logger_name":"com.sample.projects.postandcomments.service.impl.PostServiceImpl","message":"TagEntity validation failed with 1 error(s): [TagEntity with id 999 not found]"}
{"@timestamp":"2025-12-26T17:37:23.551674-06:00","level":"WARN","thread_name":"main","logger_name":"com.sample.projects.postandcomments.service.impl.PostServiceImpl","message":"PostEntity not found for deletion with id: 999"}
{"@timestamp":"2025-12-26T17:37:23.552542-06:00","level":"WARN","thread_name":"main","logger_name":"com.sample.projects.postandcomments.service.impl.PostServiceImpl","message":"Attempted to check existence with null id"}
{"@timestamp":"2025-12-26T17:37:23.553229-06:00","level":"WARN","thread_name":"main","logger_name":"com.sample.projects.postandcomments.service.impl.PostServiceImpl","message":"Attempted to find postEntity with null id"}
{"@timestamp":"2025-12-26T17:37:23.55389-06:00","level":"WARN","thread_name":"main","logger_name":"com.sample.projects.postandcomments.service.impl.PostServiceImpl","message":"Attempted to update postEntity with null id"}
{"@timestamp":"2025-12-26T17:37:23.554516-06:00","level":"WARN","thread_name":"main","logger_name":"com.sample.projects.postandcomments.service.impl.PostServiceImpl","message":"Attempted to delete postEntity with null id"}
{"@timestamp":"2025-12-26T17:37:23.555152-06:00","level":"WARN","thread_name":"main","logger_name":"com.sample.projects.postandcomments.service.impl.PostServiceImpl","message":"Invalid tag id found: 0"}
{"@timestamp":"2025-12-26T17:37:23.55522-06:00","level":"ERROR","thread_name":"main","logger_name":"com.sample.projects.postandcomments.service.impl.PostServiceImpl","message":"TagEntity validation failed with 1 error(s): [TagEntity id must be greater than 0]"}
{"@timestamp":"2025-12-26T17:37:23.557762-06:00","level":"WARN","thread_name":"main","logger_name":"com.sample.projects.postandcomments.service.impl.PostServiceImpl","message":"TagEntity not found with id: 999"}
{"@timestamp":"2025-12-26T17:37:23.557838-06:00","level":"ERROR","thread_name":"main","logger_name":"com.sample.projects.postandcomments.service.impl.PostServiceImpl","message":"TagEntity validation failed with 1 error(s): [TagEntity with id 999 not found]"}
{"@timestamp":"2025-12-26T17:37:23.5604-06:00","level":"INFO","thread_name":"main","logger_name":"com.sample.projects.postandcomments.service.impl.PostServiceImpl","message":"PostEntity saved successfully with id: 1"}
{"@timestamp":"2025-12-26T17:37:23.561424-06:00","level":"WARN","thread_name":"main","logger_name":"com.sample.projects.postandcomments.service.impl.PostServiceImpl","message":"PostEntity not found for update with id: 999"}
{"@timestamp":"2025-12-26T17:37:23.562725-06:00","level":"INFO","thread_name":"main","logger_name":"com.sample.projects.postandcomments.service.impl.PostServiceImpl","message":"PostEntity saved successfully with id: 1"}
{"@timestamp":"2025-12-26T17:37:23.564358-06:00","level":"WARN","thread_name":"main","logger_name":"com.sample.projects.postandcomments.service.impl.PostServiceImpl","message":"Null tag id found in validation"}
{"@timestamp":"2025-12-26T17:37:23.564467-06:00","level":"WARN","thread_name":"main","logger_name":"com.sample.projects.postandcomments.service.impl.PostServiceImpl","message":"TagEntity not found with id: 1"}
{"@timestamp":"2025-12-26T17:37:23.564525-06:00","level":"ERROR","thread_name":"main","logger_name":"com.sample.projects.postandcomments.service.impl.PostServiceImpl","message":"TagEntity validation failed with 2 error(s): [TagEntity id cannot be null, TagEntity with id 1 not found]"}
{"@timestamp":"2025-12-26T17:37:23.567129-06:00","level":"INFO","thread_name":"main","logger_name":"com.sample.projects.postandcomments.service.impl.PostServiceImpl","message":"PostEntity updated successfully with id: 1"}
{"@timestamp":"2025-12-26T17:37:23.571538-06:00","level":"INFO","thread_name":"SpringApplicationShutdownHook","logger_name":"org.springframework.orm.jpa.LocalContainerEntityManagerFactoryBean","message":"Closing JPA EntityManagerFactory for persistence unit 'default'"}
{"@timestamp":"2025-12-26T17:37:23.574261-06:00","level":"INFO","thread_name":"SpringApplicationShutdownHook","logger_name":"com.zaxxer.hikari.HikariDataSource","message":"HikariPool-1 - Shutdown initiated..."}
{"@timestamp":"2025-12-26T17:37:23.575213-06:00","level":"INFO","thread_name":"SpringApplicationShutdownHook","logger_name":"com.zaxxer.hikari.HikariDataSource","message":"HikariPool-1 - Shutdown completed."}
{"@timestamp":"2025-12-26T17:37:23.575886-06:00","level":"INFO","thread_name":"SpringApplicationShutdownHook","logger_name":"org.springframework.orm.jpa.LocalContainerEntityManagerFactoryBean","message":"Closing JPA EntityManagerFactory for persistence unit 'default'"}
{"@timestamp":"2025-12-26T17:57:26.562408-06:00","level":"INFO","thread_name":"main","logger_name":"com.sample.projects.postandcomments.PostEntityAndCommentsApplicationTests","message":"Starting PostEntityAndCommentsApplicationTests using Java 17.0.7 with PID 32312 (started by girmamogesteklemariam in /Users/girmamogesteklemariam/ComputerEngineering/Projects/SampleProjects/Post-Comments-App)"}
{"@timestamp":"2025-12-26T17:57:26.566319-06:00","level":"INFO","thread_name":"main","logger_name":"com.sample.projects.postandcomments.PostEntityAndCommentsApplicationTests","message":"The following 1 profile is active: \"test\""}
{"@timestamp":"2025-12-26T17:57:27.0317-06:00","level":"INFO","thread_name":"main","logger_name":"org.springframework.data.repository.config.RepositoryConfigurationDelegate","message":"Bootstrapping Spring Data JPA repositories in DEFAULT mode."}
{"@timestamp":"2025-12-26T17:57:27.100716-06:00","level":"INFO","thread_name":"main","logger_name":"org.springframework.data.repository.config.RepositoryConfigurationDelegate","message":"Finished Spring Data repository scanning in 64 ms. Found 4 JPA repository interfaces."}
{"@timestamp":"2025-12-26T17:57:27.323673-06:00","level":"INFO","thread_name":"main","logger_name":"org.hibernate.jpa.internal.util.LogHelper","message":"HHH000204: Processing PersistenceUnitInfo [name: default]"}
{"@timestamp":"2025-12-26T17:57:27.348143-06:00","level":"INFO","thread_name":"main","logger_name":"org.hibernate.Version","message":"HHH000412: Hibernate ORM core version 6.6.33.Final"}
{"@timestamp":"2025-12-26T17:57:27.360708-06:00","level":"INFO","thread_name":"main","logger_name":"org.hibernate.cache.internal.RegionFactoryInitiator","message":"HHH000026: Second-level cache disabled"}
{"@timestamp":"2025-12-26T17:57:27.471553-06:00","level":"INFO","thread_name":"main","logger_name":"org.springframework.orm.jpa.persistenceunit.SpringPersistenceUnitInfo","message":"No LoadTimeWeaver setup: ignoring JPA class transformer"}
{"@timestamp":"2025-12-26T17:57:27.485741-06:00","level":"INFO","thread_name":"main","logger_name":"com.zaxxer.hikari.HikariDataSource","message":"HikariPool-1 - Starting..."}
{"@timestamp":"2025-12-26T17:57:27.576447-06:00","level":"INFO","thread_name":"main","logger_name":"com.zaxxer.hikari.pool.HikariPool","message":"HikariPool-1 - Added connection conn0: url=jdbc:h2:mem:testdb user=SA"}
{"@timestamp":"2025-12-26T17:57:27.577289-06:00","level":"INFO","thread_name":"main","logger_name":"com.zaxxer.hikari.HikariDataSource","message":"HikariPool-1 - Start completed."}
{"@timestamp":"2025-12-26T17:57:27.589562-06:00","level":"WARN","thread_name":"main","logger_name":"org.hibernate.orm.deprecation","message":"HHH90000025: H2Dialect does not need to be specified explicitly using 'hibernate.dialect' (remove the property setting and it will be selected by default)"}
{"@timestamp":"2025-12-26T17:57:27.600979-06:00","level":"INFO","thread_name":"main","logger_name":"org.hibernate.orm.connections.pooling","message":"HHH10001005: Database info:\n\tDatabase JDBC URL [Connecting through datasource 'HikariDataSource (HikariPool-1)']\n\tDatabase driver: undefined/unknown\n\tDatabase version: 2.3.232\n\tAutocommit mode: undefined/unknown\n\tIsolation level: undefined/unknown\n\tMinimum pool size: undefined/unknown\n\tMaximum pool size: undefined/unknown"}
{"@timestamp":"2025-12-26T17:57:27.996155-06:00","level":"INFO","thread_name":"main","logger_name":"org.hibernate.engine.transaction.jta.platform.internal.JtaPlatformInitiator","message":"HHH000489: No JTA platform available (set 'hibernate.transaction.jta.platform' to enable JTA platform integration)"}
{"@timestamp":"2025-12-26T17:57:28.017942-06:00","level":"INFO","thread_name":"main","logger_name":"org.springframework.orm.jpa.LocalContainerEntityManagerFactoryBean","message":"Initialized JPA EntityManagerFactory for persistence unit 'default'"}
{"@timestamp":"2025-12-26T17:57:28.115305-06:00","level":"INFO","thread_name":"main","logger_name":"com.sample.projects.postandcomments.config.TestAiConfig","message":"Creating mock ChatClient for tests"}
{"@timestamp":"2025-12-26T17:57:28.580364-06:00","level":"WARN","thread_name":"main","logger_name":"org.springframework.boot.autoconfigure.orm.jpa.JpaBaseConfiguration$JpaWebConfiguration","message":"spring.jpa.open-in-view is enabled by default. Therefore, database queries may be performed during view rendering. Explicitly configure spring.jpa.open-in-view to disable this warning"}
{"@timestamp":"2025-12-26T17:57:29.042342-06:00","level":"INFO","thread_name":"main","logger_name":"org.springframework.boot.actuate.endpoint.web.EndpointLinksResolver","message":"Exposing 1 endpoint beneath base path '/actuator'"}
{"@timestamp":"2025-12-26T17:57:29.082839-06:00","level":"INFO","thread_name":"main","logger_name":"com.sample.projects.postandcomments.PostEntityAndCommentsApplicationTests","message":"Started PostEntityAndCommentsApplicationTests in 2.747 seconds (process running for 3.46)"}
{"@timestamp":"2025-12-26T17:57:29.119228-06:00","level":"INFO","thread_name":"main","logger_name":"org.springframework.test.context.support.AnnotationConfigContextLoaderUtils","message":"Could not detect default configuration classes for test class [com.sample.projects.postandcomments.repository.PostEntityRepositoryTest]: PostEntityRepositoryTest does not declare any static, non-private, non-final, nested classes annotated with @Configuration."}
{"@timestamp":"2025-12-26T17:57:29.129563-06:00","level":"INFO","thread_name":"main","logger_name":"org.springframework.boot.test.context.SpringBootTestContextBootstrapper","message":"Found @SpringBootConfiguration com.sample.projects.postandcomments.PostAndCommentsApplication for test class com.sample.projects.postandcomments.repository.PostEntityRepositoryTest"}
{"@timestamp":"2025-12-26T17:57:29.141029-06:00","level":"INFO","thread_name":"main","logger_name":"com.sample.projects.postandcomments.repository.PostEntityRepositoryTest","message":"Starting PostEntityRepositoryTest using Java 17.0.7 with PID 32312 (started by girmamogesteklemariam in /Users/girmamogesteklemariam/ComputerEngineering/Projects/SampleProjects/Post-Comments-App)"}
{"@timestamp":"2025-12-26T17:57:29.14117-06:00","level":"INFO","thread_name":"main","logger_name":"com.sample.projects.postandcomments.repository.PostEntityRepositoryTest","message":"The following 1 profile is active: \"test\""}
{"@timestamp":"2025-12-26T17:57:29.182031-06:00","level":"INFO","thread_name":"main","logger_name":"org.springframework.data.repository.config.RepositoryConfigurationDelegate","message":"Bootstrapping Spring Data JPA repositories in DEFAULT mode."}
{"@timestamp":"2025-12-26T17:57:29.18935-06:00","level":"INFO","thread_name":"main","logger_name":"org.springframework.data.repository.config.RepositoryConfigurationDelegate","message":"Finished Spring Data repository scanning in 6 ms. Found 4 JPA repository interfaces."}
{"@timestamp":"2025-12-26T17:57:29.196136-06:00","level":"INFO","thread_name":"main","logger_name":"org.springframework.boot.test.autoconfigure.jdbc.TestDatabaseAutoConfiguration$EmbeddedDataSourceBeanFactoryPostProcessor","message":"Replacing 'dataSource' DataSource bean with embedded version"}
{"@timestamp":"2025-12-26T17:57:29.204652-06:00","level":"INFO","thread_name":"main","logger_name":"org.springframework.jdbc.datasource.embedded.EmbeddedDatabaseFactory","message":"Starting embedded database: url='jdbc:h2:mem:9c42696f-9932-479f-a2c4-7b48e6a67fef;DB_CLOSE_DELAY=-1;DB_CLOSE_ON_EXIT=false', username='sa'"}
{"@timestamp":"2025-12-26T17:57:29.213143-06:00","level":"INFO","thread_name":"main","logger_name":"org.hibernate.jpa.internal.util.LogHelper","message":"HHH000204: Processing PersistenceUnitInfo [name: default]"}
{"@timestamp":"2025-12-26T17:57:29.214719-06:00","level":"INFO","thread_name":"main","logger_name":"org.hibernate.cache.internal.RegionFactoryInitiator","message":"HHH000026: Second-level cache disabled"}
{"@timestamp":"2025-12-26T17:57:29.220252-06:00","level":"INFO","thread_name":"main","logger_name":"org.springframework.orm.jpa.persistenceunit.SpringPersistenceUnitInfo","message":"No LoadTimeWeaver setup: ignoring JPA class transformer"}
{"@timestamp":"2025-12-26T17:57:29.221128-06:00","level":"WARN","thread_name":"main","logger_name":"org.hibernate.orm.deprecation","message":"HHH90000025: H2Dialect does not need to be specified explicitly using 'hibernate.dialect' (remove the property setting and it will be selected by default)"}
{"@timestamp":"2025-12-26T17:57:29.221558-06:00","level":"INFO","thread_name":"main","logger_name":"org.hibernate.orm.connections.pooling","message":"HHH10001005: Database info:\n\tDatabase JDBC URL [Connecting through datasource 'org.springframework.jdbc.datasource.embedded.EmbeddedDatabaseFactory$EmbeddedDataSourceProxy@5508c719']\n\tDatabase driver: undefined/unknown\n\tDatabase version: 2.3.232\n\tAutocommit mode: undefined/unknown\n\tIsolation level: undefined/unknown\n\tMinimum pool size: undefined/unknown\n\tMaximum pool size: undefined/unknown"}
{"@timestamp":"2025-12-26T17:57:29.248362-06:00","level":"INFO","thread_name":"main","logger_name":"org.hibernate.engine.transaction.jta.platform.internal.JtaPlatformInitiator","message":"HHH000489: No JTA platform available (set 'hibernate.transaction.jta.platform' to enable JTA platform integration)"}
{"@timestamp":"2025-12-26T17:57:29.253661-06:00","level":"INFO","thread_name":"main","logger_name":"org.springframework.orm.jpa.LocalContainerEntityManagerFactoryBean","message":"Initialized JPA EntityManagerFactory for persistence unit 'default'"}
{"@timestamp":"2025-12-26T17:57:29.27834-06:00","level":"INFO","thread_name":"main","logger_name":"com.sample.projects.postandcomments.repository.PostEntityRepositoryTest","message":"Started PostEntityRepositoryTest in 0.147 seconds (process running for 3.655)"}
{"@timestamp":"2025-12-26T17:57:29.673638-06:00","level":"INFO","thread_name":"main","logger_name":"org.springframework.test.context.support.AnnotationConfigContextLoaderUtils","message":"Could not detect default configuration classes for test class [com.sample.projects.postandcomments.controller.PostEntityControllerTest]: PostEntityControllerTest does not declare any static, non-private, non-final, nested classes annotated with @Configuration."}
{"@timestamp":"2025-12-26T17:57:29.682534-06:00","level":"INFO","thread_name":"main","logger_name":"org.springframework.boot.test.context.SpringBootTestContextBootstrapper","message":"Found @SpringBootConfiguration com.sample.projects.postandcomments.PostAndCommentsApplication for test class com.sample.projects.postandcomments.controller.PostEntityControllerTest"}
{"@timestamp":"2025-12-26T17:57:29.691299-06:00","level":"INFO","thread_name":"main","logger_name":"com.sample.projects.postandcomments.controller.PostEntityControllerTest","message":"Starting PostEntityControllerTest using Java 17.0.7 with PID 32312 (started by girmamogesteklemariam in /Users/girmamogesteklemariam/ComputerEngineering/Projects/SampleProjects/Post-Comments-App)"}
{"@timestamp":"2025-12-26T17:57:29.691506-06:00","level":"INFO","thread_name":"main","logger_name":"com.sample.projects.postandcomments.controller.PostEntityControllerTest","message":"No active profile set, falling back to 1 default profile: \"default\""}
{"@timestamp":"2025-12-26T17:57:29.81017-06:00","level":"INFO","thread_name":"main","logger_name":"org.springframework.boot.test.mock.web.SpringBootMockServletContext","message":"Initializing Spring TestDispatcherServlet ''"}
{"@timestamp":"2025-12-26T17:57:29.810397-06:00","level":"INFO","thread_name":"main","logger_name":"org.springframework.test.web.servlet.TestDispatcherServlet","message":"Initializing Servlet ''"}
{"@timestamp":"2025-12-26T17:57:29.810743-06:00","level":"INFO","thread_name":"main","logger_name":"org.springframework.test.web.servlet.TestDispatcherServlet","message":"Completed initialization in 0 ms"}
{"@timestamp":"2025-12-26T17:57:29.821786-06:00","level":"INFO","thread_name":"main","logger_name":"com.sample.projects.postandcomments.controller.PostEntityControllerTest","message":"Started PostEntityControllerTest in 0.138 seconds (process running for 4.199)"}
{"@timestamp":"2025-12-26T17:57:29.838456-06:00","level":"INFO","thread_name":"main","logger_name":"com.sample.projects.postandcomments.controller.PostController","correlationId":"b0589066-85db-4da3-ba65-ce6d6c8b1cb7","message":"Deleting postEntity with id: 1"}
{"@timestamp":"2025-12-26T17:57:29.887312-06:00","level":"INFO","thread_name":"main","logger_name":"com.sample.projects.postandcomments.controller.PostController","correlationId":"e491eb93-d9a1-418a-b616-b6ff553080ee","message":"Updating postEntity with id: 1, includeAi: false"}
{"@timestamp":"2025-12-26T17:57:29.892118-06:00","level":"INFO","thread_name":"main","logger_name":"com.sample.projects.postandcomments.controller.PostController","correlationId":"581d6e75-6a88-4d3a-818b-b5e6258cb916","message":"Retrieving postEntity by id: 1, includeAi: false"}
{"@timestamp":"2025-12-26T17:57:29.896968-06:00","level":"INFO","thread_name":"main","logger_name":"com.sample.projects.postandcomments.controller.PostController","correlationId":"f9ed2f0b-11f0-4376-8697-e5409f2dae27","message":"Creating new postEntity with title: Test PostEntity Title, includeAi: true"}
{"@timestamp":"2025-12-26T17:57:29.900042-06:00","level":"INFO","thread_name":"main","logger_name":"com.sample.projects.postandcomments.controller.PostController","correlationId":"f76c417a-3b63-4e8b-9704-556a0fad9349","message":"Retrieving postEntity by id: 999, includeAi: false"}
{"@timestamp":"2025-12-26T17:57:29.900183-06:00","level":"WARN","thread_name":"main","logger_name":"com.sample.projects.postandcomments.controller.PostController","correlationId":"f76c417a-3b63-4e8b-9704-556a0fad9349","message":"PostEntity not found with id: 999"}
{"@timestamp":"2025-12-26T17:57:29.901105-06:00","level":"WARN","thread_name":"main","logger_name":"com.sample.projects.postandcomments.exception.GlobalExceptionHandler","correlationId":"f76c417a-3b63-4e8b-9704-556a0fad9349","message":"Resource not found: PostEntity with id 999 not found - Path: /api/v1/posts/999"}
{"@timestamp":"2025-12-26T17:57:29.907206-06:00","level":"INFO","thread_name":"main","logger_name":"com.sample.projects.postandcomments.controller.PostController","correlationId":"a497ddea-3c9d-41de-b3cd-17f3d329e5f4","message":"Deleting postEntity with id: 999"}
{"@timestamp":"2025-12-26T17:57:29.907843-06:00","level":"WARN","thread_name":"main","logger_name":"com.sample.projects.postandcomments.exception.GlobalExceptionHandler","correlationId":"a497ddea-3c9d-41de-b3cd-17f3d329e5f4","message":"Resource not found: PostEntity with id 999 not found - Path: /api/v1/posts/999"}
{"@timestamp":"2025-12-26T17:57:29.91115-06:00","level":"INFO","thread_name":"main","logger_name":"com.sample.projects.postandcomments.controller.PostController","correlationId":"b97faa3b-f8d0-43aa-b8ca-495cadbf619c","message":"Updating postEntity with id: 999, includeAi: false"}
{"@timestamp":"2025-12-26T17:57:29.911433-06:00","level":"WARN","thread_name":"main","logger_name":"com.sample.projects.postandcomments.exception.GlobalExceptionHandler","correlationId":"b97faa3b-f8d0-43aa-b8ca-495cadbf619c","message":"Resource not found: PostEntity with id 999 not found - Path: /api/v1/posts/999"}
{"@timestamp":"2025-12-26T17:57:29.914295-06:00","level":"INFO","thread_name":"main","logger_name":"com.sample.projects.postandcomments.controller.PostController","correlationId":"db33da63-395d-431a-aaac-f05c30d4c8cb","message":"Creating new postEntity with title: Test PostEntity Title, includeAi: false"}
{"@timestamp":"2025-12-26T17:57:29.918739-06:00","level":"WARN","thread_name":"main","logger_name":"com.sample.projects.postandcomments.exception.GlobalExceptionHandler","correlationId":"0fef5dfd-7e94-4e22-aaa9-0efe8a00329e","message":"Method argument validation failed: [title: Title must be between 1 and 255 characters, title: Title is required] - Path: /api/v1/posts"}
{"@timestamp":"2025-12-26T17:57:29.922442-06:00","level":"INFO","thread_name":"main","logger_name":"com.sample.projects.postandcomments.controller.PostController","correlationId":"50dbcc62-1649-4293-87b3-e49770b2149d","message":"Retrieving all postEntities"}
{"@timestamp":"2025-12-26T17:57:30.027391-06:00","level":"INFO","thread_name":"main","logger_name":"com.sample.projects.postandcomments.service.impl.PostServiceImpl","message":"PostEntity updated successfully with id: 1"}
{"@timestamp":"2025-12-26T17:57:30.029253-06:00","level":"WARN","thread_name":"main","logger_name":"com.sample.projects.postandcomments.service.impl.PostServiceImpl","message":"Invalid tag id found: -1"}
{"@timestamp":"2025-12-26T17:57:30.029388-06:00","level":"WARN","thread_name":"main","logger_name":"com.sample.projects.postandcomments.service.impl.PostServiceImpl","message":"Invalid tag id found: 0"}
{"@timestamp":"2025-12-26T17:57:30.029443-06:00","level":"ERROR","thread_name":"main","logger_name":"com.sample.projects.postandcomments.service.impl.PostServiceImpl","message":"TagEntity validation failed with 2 error(s): [TagEntity id must be greater than 0, TagEntity id must be greater than 0]"}
{"@timestamp":"2025-12-26T17:57:30.040725-06:00","level":"INFO","thread_name":"main","logger_name":"com.sample.projects.postandcomments.service.impl.PostServiceImpl","message":"PostEntity deleted successfully with id: 1"}
{"@timestamp":"2025-12-26T17:57:30.042032-06:00","level":"INFO","thread_name":"main","logger_name":"com.sample.projects.postandcomments.service.impl.PostServiceImpl","message":"Found 2 postEntity(s)"}
{"@timestamp":"2025-12-26T17:57:30.044049-06:00","level":"WARN","thread_name":"main","logger_name":"com.sample.projects.postandcomments.service.impl.PostServiceImpl","message":"TagEntity not found with id: 999"}
{"@timestamp":"2025-12-26T17:57:30.044213-06:00","level":"ERROR","thread_name":"main","logger_name":"com.sample.projects.postandcomments.service.impl.PostServiceImpl","message":"TagEntity validation failed with 1 error(s): [TagEntity with id 999 not found]"}
{"@timestamp":"2025-12-26T17:57:30.048239-06:00","level":"WARN","thread_name":"main","logger_name":"com.sample.projects.postandcomments.service.impl.PostServiceImpl","message":"PostEntity not found for deletion with id: 999"}
{"@timestamp":"2025-12-26T17:57:30.049386-06:00","level":"WARN","thread_name":"main","logger_name":"com.sample.projects.postandcomments.service.impl.PostServiceImpl","message":"Attempted to check existence with null id"}
{"@timestamp":"2025-12-26T17:57:30.050231-06:00","level":"WARN","thread_name":"main","logger_name":"com.sample.projects.postandcomments.service.impl.PostServiceImpl","message":"Attempted to find postEntity with null id"}
{"@timestamp":"2025-12-26T17:57:30.051657-06:00","level":"WARN","thread_name":"main","logger_name":"com.sample.projects.postandcomments.service.impl.PostServiceImpl","message":"Attempted to update postEntity with null id"}
{"@timestamp":"2025-12-26T17:57:30.052746-06:00","level":"WARN","thread_name":"main","logger_name":"com.sample.projects.postandcomments.service.impl.PostServiceImpl","message":"Attempted to delete postEntity with null id"}
{"@timestamp":"2025-12-26T17:57:30.053634-06:00","level":"WARN","thread_name":"main","logger_name":"com.sample.projects.postandcomments.service.impl.PostServiceImpl","message":"Invalid tag id found: 0"}
{"@timestamp":"2025-12-26T17:57:30.053697-06:00","level":"ERROR","thread_name":"main","logger_name":"com.sample.projects.postandcomments.service.impl.PostServiceImpl","message":"TagEntity validation failed with 1 error(s): [TagEntity id must be greater than 0]"}
{"@timestamp":"2025-12-26T17:57:30.057675-06:00","level":"WARN","thread_name":"main","logger_name":"com.sample.projects.postandcomments.service.impl.PostServiceImpl","message":"TagEntity not found with id: 999"}
{"@timestamp":"2025-12-26T17:57:30.057749-06:00","level":"ERROR","thread_name":"main","logger_name":"com.sample.projects.postandcomments.service.impl.PostServiceImpl","message":"TagEntity validation failed with 1 error(s): [TagEntity with id 999 not found]"}
{"@timestamp":"2025-12-26T17:57:30.061673-06:00","level":"INFO","thread_name":"main","logger_name":"com.sample.projects.postandcomments.service.impl.PostServiceImpl","message":"PostEntity saved successfully with id: 1"}
{"@timestamp":"2025-12-26T17:57:30.062982-06:00","level":"WARN","thread_name":"main","logger_name":"com.sample.projects.postandcomments.service.impl.PostServiceImpl","message":"PostEntity not found for update with id: 999"}
{"@timestamp":"2025-12-26T17:57:30.064896-06:00","level":"INFO","thread_name":"main","logger_name":"com.sample.projects.postandcomments.service.impl.PostServiceImpl","message":"PostEntity saved successfully with id: 1"}
{"@timestamp":"2025-12-26T17:57:30.066196-06:00","level":"WARN","thread_name":"main","logger_name":"com.sample.projects.postandcomments.service.impl.PostServiceImpl","message":"Null tag id found in validation"}
{"@timestamp":"2025-12-26T17:57:30.066293-06:00","level":"WARN","thread_name":"main","logger_name":"com.sample.projects.postandcomments.service.impl.PostServiceImpl","message":"TagEntity not found with id: 1"}
{"@timestamp":"2025-12-26T17:57:30.066344-06:00","level":"ERROR","thread_name":"main","logger_name":"com.sample.projects.postandcomments.service.impl.PostServiceImpl","message":"TagEntity validation failed with 2 error(s): [TagEntity id cannot be null, TagEntity with id 1 not found]"}
{"@timestamp":"2025-12-26T17:57:30.069618-06:00","level":"INFO","thread_name":"main","logger_name":"com.sample.projects.postandcomments.service.impl.PostServiceImpl","message":"PostEntity updated successfully with id: 1"}
{"@timestamp":"2025-12-26T17:57:30.07412-06:00","level":"INFO","thread_name":"SpringApplicationShutdownHook","logger_name":"org.springframework.orm.jpa.LocalContainerEntityManagerFactoryBean","message":"Closing JPA EntityManagerFactory for persistence unit 'default'"}
{"@timestamp":"2025-12-26T17:57:30.076518-06:00","level":"INFO","thread_name":"SpringApplicationShutdownHook","logger_name":"com.zaxxer.hikari.HikariDataSource","message":"HikariPool-1 - Shutdown initiated..."}
{"@timestamp":"2025-12-26T17:57:30.077443-06:00","level":"INFO","thread_name":"SpringApplicationShutdownHook","logger_name":"com.zaxxer.hikari.HikariDataSource","message":"HikariPool-1 - Shutdown completed."}
{"@timestamp":"2025-12-26T17:57:30.078123-06:00","level":"INFO","thread_name":"SpringApplicationShutdownHook","logger_name":"org.springframework.orm.jpa.LocalContainerEntityManagerFactoryBean","message":"Closing JPA EntityManagerFactory for persistence unit 'default'"}
