{"@timestamp":"2025-12-09T12:03:38.55101-06:00","level":"INFO","service":"post-comments-app","thread":"main","logger":"com.sample.projects.postandcomments.PostAndCommentsApplication","message":"Starting PostAndCommentsApplication using Java 23.0.2 with PID 2557 (/Users/girmamogesteklemariam/ComputerEngineering/Projects/SampleProjects/Post-Comments-App/target/classes started by girmamogesteklemariam in /Users/girmamogesteklemariam/ComputerEngineering/Projects/SampleProjects/Post-Comments-App)","exception":""}
{"@timestamp":"2025-12-09T12:03:38.554194-06:00","level":"DEBUG","service":"post-comments-app","thread":"main","logger":"com.sample.projects.postandcomments.PostAndCommentsApplication","message":"Running with Spring Boot v3.5.7, Spring v6.2.12","exception":""}
{"@timestamp":"2025-12-09T12:03:38.55456-06:00","level":"INFO","service":"post-comments-app","thread":"main","logger":"com.sample.projects.postandcomments.PostAndCommentsApplication","message":"No active profile set, falling back to 1 default profile: \"default\"","exception":""}
{"@timestamp":"2025-12-09T12:03:39.03048-06:00","level":"INFO","service":"post-comments-app","thread":"main","logger":"org.springframework.data.repository.config.RepositoryConfigurationDelegate","message":"Bootstrapping Spring Data JPA repositories in DEFAULT mode.","exception":""}
{"@timestamp":"2025-12-09T12:03:39.094201-06:00","level":"INFO","service":"post-comments-app","thread":"main","logger":"org.springframework.data.repository.config.RepositoryConfigurationDelegate","message":"Finished Spring Data repository scanning in 60 ms. Found 4 JPA repository interfaces.","exception":""}
{"@timestamp":"2025-12-09T12:03:39.286613-06:00","level":"INFO","service":"post-comments-app","thread":"main","logger":"org.springframework.boot.web.embedded.tomcat.TomcatWebServer","message":"Tomcat initialized with port 8081 (http)","exception":""}
{"@timestamp":"2025-12-09T12:03:39.292919-06:00","level":"INFO","service":"post-comments-app","thread":"main","logger":"org.apache.coyote.http11.Http11NioProtocol","message":"Initializing ProtocolHandler [\"http-nio-8081\"]","exception":""}
{"@timestamp":"2025-12-09T12:03:39.293525-06:00","level":"INFO","service":"post-comments-app","thread":"main","logger":"org.apache.catalina.core.StandardService","message":"Starting service [Tomcat]","exception":""}
{"@timestamp":"2025-12-09T12:03:39.29365-06:00","level":"INFO","service":"post-comments-app","thread":"main","logger":"org.apache.catalina.core.StandardEngine","message":"Starting Servlet engine: [Apache Tomcat/10.1.48]","exception":""}
{"@timestamp":"2025-12-09T12:03:39.320196-06:00","level":"INFO","service":"post-comments-app","thread":"main","logger":"org.apache.catalina.core.ContainerBase.[Tomcat].[localhost].[/]","message":"Initializing Spring embedded WebApplicationContext","exception":""}
{"@timestamp":"2025-12-09T12:03:39.320408-06:00","level":"INFO","service":"post-comments-app","thread":"main","logger":"org.springframework.boot.web.servlet.context.ServletWebServerApplicationContext","message":"Root WebApplicationContext: initialization completed in 746 ms","exception":""}
{"@timestamp":"2025-12-09T12:03:39.575013-06:00","level":"INFO","service":"post-comments-app","thread":"main","logger":"org.springframework.orm.jpa.persistenceunit.SpringPersistenceUnitInfo","message":"No LoadTimeWeaver setup: ignoring JPA class transformer","exception":""}
{"@timestamp":"2025-12-09T12:03:39.58613-06:00","level":"INFO","service":"post-comments-app","thread":"main","logger":"com.zaxxer.hikari.HikariDataSource","message":"HikariPool-1 - Starting...","exception":""}
{"@timestamp":"2025-12-09T12:03:39.660247-06:00","level":"INFO","service":"post-comments-app","thread":"main","logger":"com.zaxxer.hikari.pool.HikariPool","message":"HikariPool-1 - Added connection conn0: url=jdbc:h2:mem:postcomments user=SA","exception":""}
{"@timestamp":"2025-12-09T12:03:39.660898-06:00","level":"INFO","service":"post-comments-app","thread":"main","logger":"com.zaxxer.hikari.HikariDataSource","message":"HikariPool-1 - Start completed.","exception":""}
{"@timestamp":"2025-12-09T12:03:39.673023-06:00","level":"WARN","service":"post-comments-app","thread":"main","logger":"org.hibernate.orm.deprecation","message":"HHH90000025: H2Dialect does not need to be specified explicitly using 'hibernate.dialect' (remove the property setting and it will be selected by default)","exception":""}
{"@timestamp":"2025-12-09T12:03:40.082804-06:00","level":"INFO","service":"post-comments-app","thread":"main","logger":"org.springframework.orm.jpa.LocalContainerEntityManagerFactoryBean","message":"Initialized JPA EntityManagerFactory for persistence unit 'default'","exception":""}
{"@timestamp":"2025-12-09T12:03:40.346079-06:00","level":"INFO","service":"post-comments-app","thread":"main","logger":"com.sample.projects.postandcomments.config.AiConfig","message":"Initializing ChatClient bean for Spring AI","exception":""}
{"@timestamp":"2025-12-09T12:03:40.346235-06:00","level":"DEBUG","service":"post-comments-app","thread":"main","logger":"com.sample.projects.postandcomments.config.AiConfig","message":"ChatClient bean created successfully","exception":""}
{"@timestamp":"2025-12-09T12:03:40.400381-06:00","level":"WARN","service":"post-comments-app","thread":"main","logger":"org.springframework.boot.autoconfigure.orm.jpa.JpaBaseConfiguration$JpaWebConfiguration","message":"spring.jpa.open-in-view is enabled by default. Therefore, database queries may be performed during view rendering. Explicitly configure spring.jpa.open-in-view to disable this warning","exception":""}
{"@timestamp":"2025-12-09T12:03:40.59423-06:00","level":"INFO","service":"post-comments-app","thread":"main","logger":"org.springframework.boot.autoconfigure.h2.H2ConsoleAutoConfiguration","message":"H2 console available at '/h2-console'. Database available at 'jdbc:h2:mem:postcomments'","exception":""}
{"@timestamp":"2025-12-09T12:03:40.608839-06:00","level":"INFO","service":"post-comments-app","thread":"main","logger":"org.springframework.boot.actuate.endpoint.web.EndpointLinksResolver","message":"Exposing 1 endpoint beneath base path '/actuator'","exception":""}
{"@timestamp":"2025-12-09T12:03:40.637861-06:00","level":"INFO","service":"post-comments-app","thread":"main","logger":"org.apache.coyote.http11.Http11NioProtocol","message":"Starting ProtocolHandler [\"http-nio-8081\"]","exception":""}
{"@timestamp":"2025-12-09T12:03:40.648021-06:00","level":"WARN","service":"post-comments-app","thread":"main","logger":"org.springframework.boot.web.servlet.context.AnnotationConfigServletWebServerApplicationContext","message":"Exception encountered during context initialization - cancelling refresh attempt: org.springframework.context.ApplicationContextException: Failed to start bean 'webServerStartStop'","exception":""}
{"@timestamp":"2025-12-09T12:03:40.649632-06:00","level":"INFO","service":"post-comments-app","thread":"main","logger":"org.springframework.orm.jpa.LocalContainerEntityManagerFactoryBean","message":"Closing JPA EntityManagerFactory for persistence unit 'default'","exception":""}
{"@timestamp":"2025-12-09T12:03:40.650456-06:00","level":"INFO","service":"post-comments-app","thread":"main","logger":"com.zaxxer.hikari.HikariDataSource","message":"HikariPool-1 - Shutdown initiated...","exception":""}
{"@timestamp":"2025-12-09T12:03:40.651345-06:00","level":"INFO","service":"post-comments-app","thread":"main","logger":"com.zaxxer.hikari.HikariDataSource","message":"HikariPool-1 - Shutdown completed.","exception":""}
{"@timestamp":"2025-12-09T12:03:40.661757-06:00","level":"INFO","service":"post-comments-app","thread":"main","logger":"org.springframework.boot.autoconfigure.logging.ConditionEvaluationReportLogger","message":"\n\nError starting ApplicationContext. To display the condition evaluation report re-run your application with 'debug' enabled.","exception":""}
{"@timestamp":"2025-12-09T12:03:40.668824-06:00","level":"ERROR","service":"post-comments-app","thread":"main","logger":"org.springframework.boot.diagnostics.LoggingFailureAnalysisReporter","message":"\n\n***************************\nAPPLICATION FAILED TO START\n***************************\n\nDescription:\n\nWeb server failed to start. Port 8081 was already in use.\n\nAction:\n\nIdentify and stop the process that's listening on port 8081 or configure this application to listen on another port.\n","exception":""}
{"@timestamp":"2025-12-09T12:04:17.367845-06:00","level":"INFO","service":"post-comments-app","thread":"main","logger":"com.sample.projects.postandcomments.PostAndCommentsApplication","message":"Starting PostAndCommentsApplication using Java 23.0.2 with PID 2596 (/Users/girmamogesteklemariam/ComputerEngineering/Projects/SampleProjects/Post-Comments-App/target/classes started by girmamogesteklemariam in /Users/girmamogesteklemariam/ComputerEngineering/Projects/SampleProjects/Post-Comments-App)","exception":""}
{"@timestamp":"2025-12-09T12:04:17.370974-06:00","level":"DEBUG","service":"post-comments-app","thread":"main","logger":"com.sample.projects.postandcomments.PostAndCommentsApplication","message":"Running with Spring Boot v3.5.7, Spring v6.2.12","exception":""}
{"@timestamp":"2025-12-09T12:04:17.371348-06:00","level":"INFO","service":"post-comments-app","thread":"main","logger":"com.sample.projects.postandcomments.PostAndCommentsApplication","message":"No active profile set, falling back to 1 default profile: \"default\"","exception":""}
{"@timestamp":"2025-12-09T12:04:17.81135-06:00","level":"INFO","service":"post-comments-app","thread":"main","logger":"org.springframework.data.repository.config.RepositoryConfigurationDelegate","message":"Bootstrapping Spring Data JPA repositories in DEFAULT mode.","exception":""}
{"@timestamp":"2025-12-09T12:04:17.877609-06:00","level":"INFO","service":"post-comments-app","thread":"main","logger":"org.springframework.data.repository.config.RepositoryConfigurationDelegate","message":"Finished Spring Data repository scanning in 62 ms. Found 4 JPA repository interfaces.","exception":""}
{"@timestamp":"2025-12-09T12:04:18.058859-06:00","level":"INFO","service":"post-comments-app","thread":"main","logger":"org.springframework.boot.web.embedded.tomcat.TomcatWebServer","message":"Tomcat initialized with port 8081 (http)","exception":""}
{"@timestamp":"2025-12-09T12:04:18.065053-06:00","level":"INFO","service":"post-comments-app","thread":"main","logger":"org.apache.coyote.http11.Http11NioProtocol","message":"Initializing ProtocolHandler [\"http-nio-8081\"]","exception":""}
{"@timestamp":"2025-12-09T12:04:18.065653-06:00","level":"INFO","service":"post-comments-app","thread":"main","logger":"org.apache.catalina.core.StandardService","message":"Starting service [Tomcat]","exception":""}
{"@timestamp":"2025-12-09T12:04:18.065754-06:00","level":"INFO","service":"post-comments-app","thread":"main","logger":"org.apache.catalina.core.StandardEngine","message":"Starting Servlet engine: [Apache Tomcat/10.1.48]","exception":""}
{"@timestamp":"2025-12-09T12:04:18.088269-06:00","level":"INFO","service":"post-comments-app","thread":"main","logger":"org.apache.catalina.core.ContainerBase.[Tomcat].[localhost].[/]","message":"Initializing Spring embedded WebApplicationContext","exception":""}
{"@timestamp":"2025-12-09T12:04:18.088472-06:00","level":"INFO","service":"post-comments-app","thread":"main","logger":"org.springframework.boot.web.servlet.context.ServletWebServerApplicationContext","message":"Root WebApplicationContext: initialization completed in 699 ms","exception":""}
{"@timestamp":"2025-12-09T12:04:18.318011-06:00","level":"INFO","service":"post-comments-app","thread":"main","logger":"org.springframework.orm.jpa.persistenceunit.SpringPersistenceUnitInfo","message":"No LoadTimeWeaver setup: ignoring JPA class transformer","exception":""}
{"@timestamp":"2025-12-09T12:04:18.327633-06:00","level":"INFO","service":"post-comments-app","thread":"main","logger":"com.zaxxer.hikari.HikariDataSource","message":"HikariPool-1 - Starting...","exception":""}
{"@timestamp":"2025-12-09T12:04:18.398113-06:00","level":"INFO","service":"post-comments-app","thread":"main","logger":"com.zaxxer.hikari.pool.HikariPool","message":"HikariPool-1 - Added connection conn0: url=jdbc:h2:mem:postcomments user=SA","exception":""}
{"@timestamp":"2025-12-09T12:04:18.398843-06:00","level":"INFO","service":"post-comments-app","thread":"main","logger":"com.zaxxer.hikari.HikariDataSource","message":"HikariPool-1 - Start completed.","exception":""}
{"@timestamp":"2025-12-09T12:04:18.409037-06:00","level":"WARN","service":"post-comments-app","thread":"main","logger":"org.hibernate.orm.deprecation","message":"HHH90000025: H2Dialect does not need to be specified explicitly using 'hibernate.dialect' (remove the property setting and it will be selected by default)","exception":""}
{"@timestamp":"2025-12-09T12:04:18.812432-06:00","level":"INFO","service":"post-comments-app","thread":"main","logger":"org.springframework.orm.jpa.LocalContainerEntityManagerFactoryBean","message":"Initialized JPA EntityManagerFactory for persistence unit 'default'","exception":""}
{"@timestamp":"2025-12-09T12:04:19.058997-06:00","level":"INFO","service":"post-comments-app","thread":"main","logger":"com.sample.projects.postandcomments.config.AiConfig","message":"Initializing ChatClient bean for Spring AI","exception":""}
{"@timestamp":"2025-12-09T12:04:19.059154-06:00","level":"DEBUG","service":"post-comments-app","thread":"main","logger":"com.sample.projects.postandcomments.config.AiConfig","message":"ChatClient bean created successfully","exception":""}
{"@timestamp":"2025-12-09T12:04:19.115165-06:00","level":"WARN","service":"post-comments-app","thread":"main","logger":"org.springframework.boot.autoconfigure.orm.jpa.JpaBaseConfiguration$JpaWebConfiguration","message":"spring.jpa.open-in-view is enabled by default. Therefore, database queries may be performed during view rendering. Explicitly configure spring.jpa.open-in-view to disable this warning","exception":""}
{"@timestamp":"2025-12-09T12:04:19.299761-06:00","level":"INFO","service":"post-comments-app","thread":"main","logger":"org.springframework.boot.autoconfigure.h2.H2ConsoleAutoConfiguration","message":"H2 console available at '/h2-console'. Database available at 'jdbc:h2:mem:postcomments'","exception":""}
{"@timestamp":"2025-12-09T12:04:19.313596-06:00","level":"INFO","service":"post-comments-app","thread":"main","logger":"org.springframework.boot.actuate.endpoint.web.EndpointLinksResolver","message":"Exposing 1 endpoint beneath base path '/actuator'","exception":""}
{"@timestamp":"2025-12-09T12:04:19.3424-06:00","level":"INFO","service":"post-comments-app","thread":"main","logger":"org.apache.coyote.http11.Http11NioProtocol","message":"Starting ProtocolHandler [\"http-nio-8081\"]","exception":""}
{"@timestamp":"2025-12-09T12:04:19.352251-06:00","level":"INFO","service":"post-comments-app","thread":"main","logger":"org.springframework.boot.web.embedded.tomcat.TomcatWebServer","message":"Tomcat started on port 8081 (http) with context path '/'","exception":""}
{"@timestamp":"2025-12-09T12:04:19.36132-06:00","level":"INFO","service":"post-comments-app","thread":"main","logger":"com.sample.projects.postandcomments.PostAndCommentsApplication","message":"Started PostAndCommentsApplication in 2.238 seconds (process running for 2.365)","exception":""}
{"@timestamp":"2025-12-09T12:14:58.277638-06:00","level":"INFO","service":"post-comments-app","thread":"SpringApplicationShutdownHook","logger":"org.springframework.boot.web.embedded.tomcat.GracefulShutdown","message":"Commencing graceful shutdown. Waiting for active requests to complete","exception":""}
{"@timestamp":"2025-12-09T12:15:00.294733-06:00","level":"INFO","service":"post-comments-app","thread":"tomcat-shutdown","logger":"org.springframework.boot.web.embedded.tomcat.GracefulShutdown","message":"Graceful shutdown complete","exception":""}
{"@timestamp":"2025-12-09T12:15:00.305447-06:00","level":"INFO","service":"post-comments-app","thread":"SpringApplicationShutdownHook","logger":"org.springframework.orm.jpa.LocalContainerEntityManagerFactoryBean","message":"Closing JPA EntityManagerFactory for persistence unit 'default'","exception":""}
{"@timestamp":"2025-12-09T12:15:00.309131-06:00","level":"INFO","service":"post-comments-app","thread":"SpringApplicationShutdownHook","logger":"com.zaxxer.hikari.HikariDataSource","message":"HikariPool-1 - Shutdown initiated...","exception":""}
{"@timestamp":"2025-12-09T12:15:00.311688-06:00","level":"INFO","service":"post-comments-app","thread":"SpringApplicationShutdownHook","logger":"com.zaxxer.hikari.HikariDataSource","message":"HikariPool-1 - Shutdown completed.","exception":""}
{"@timestamp":"2025-12-09T12:20:13.270349-06:00","level":"INFO","service":"post-comments-app","thread":"main","logger":"com.sample.projects.postandcomments.PostAndCommentsApplication","message":"Starting PostAndCommentsApplication using Java 23.0.2 with PID 2827 (/Users/girmamogesteklemariam/ComputerEngineering/Projects/SampleProjects/Post-Comments-App/target/classes started by girmamogesteklemariam in /Users/girmamogesteklemariam/ComputerEngineering/Projects/SampleProjects/Post-Comments-App)","exception":""}
{"@timestamp":"2025-12-09T12:20:13.273062-06:00","level":"DEBUG","service":"post-comments-app","thread":"main","logger":"com.sample.projects.postandcomments.PostAndCommentsApplication","message":"Running with Spring Boot v3.5.7, Spring v6.2.12","exception":""}
{"@timestamp":"2025-12-09T12:20:13.273383-06:00","level":"INFO","service":"post-comments-app","thread":"main","logger":"com.sample.projects.postandcomments.PostAndCommentsApplication","message":"No active profile set, falling back to 1 default profile: \"default\"","exception":""}
{"@timestamp":"2025-12-09T12:20:13.710531-06:00","level":"INFO","service":"post-comments-app","thread":"main","logger":"org.springframework.data.repository.config.RepositoryConfigurationDelegate","message":"Bootstrapping Spring Data JPA repositories in DEFAULT mode.","exception":""}
{"@timestamp":"2025-12-09T12:20:13.773609-06:00","level":"INFO","service":"post-comments-app","thread":"main","logger":"org.springframework.data.repository.config.RepositoryConfigurationDelegate","message":"Finished Spring Data repository scanning in 59 ms. Found 4 JPA repository interfaces.","exception":""}
{"@timestamp":"2025-12-09T12:20:13.95648-06:00","level":"INFO","service":"post-comments-app","thread":"main","logger":"org.springframework.boot.web.embedded.tomcat.TomcatWebServer","message":"Tomcat initialized with port 8081 (http)","exception":""}
{"@timestamp":"2025-12-09T12:20:13.961916-06:00","level":"INFO","service":"post-comments-app","thread":"main","logger":"org.apache.coyote.http11.Http11NioProtocol","message":"Initializing ProtocolHandler [\"http-nio-8081\"]","exception":""}
{"@timestamp":"2025-12-09T12:20:13.962413-06:00","level":"INFO","service":"post-comments-app","thread":"main","logger":"org.apache.catalina.core.StandardService","message":"Starting service [Tomcat]","exception":""}
{"@timestamp":"2025-12-09T12:20:13.962522-06:00","level":"INFO","service":"post-comments-app","thread":"main","logger":"org.apache.catalina.core.StandardEngine","message":"Starting Servlet engine: [Apache Tomcat/10.1.48]","exception":""}
{"@timestamp":"2025-12-09T12:20:13.986376-06:00","level":"INFO","service":"post-comments-app","thread":"main","logger":"org.apache.catalina.core.ContainerBase.[Tomcat].[localhost].[/]","message":"Initializing Spring embedded WebApplicationContext","exception":""}
{"@timestamp":"2025-12-09T12:20:13.986636-06:00","level":"INFO","service":"post-comments-app","thread":"main","logger":"org.springframework.boot.web.servlet.context.ServletWebServerApplicationContext","message":"Root WebApplicationContext: initialization completed in 694 ms","exception":""}
{"@timestamp":"2025-12-09T12:20:14.217153-06:00","level":"INFO","service":"post-comments-app","thread":"main","logger":"org.springframework.orm.jpa.persistenceunit.SpringPersistenceUnitInfo","message":"No LoadTimeWeaver setup: ignoring JPA class transformer","exception":""}
{"@timestamp":"2025-12-09T12:20:14.230932-06:00","level":"INFO","service":"post-comments-app","thread":"main","logger":"com.zaxxer.hikari.HikariDataSource","message":"HikariPool-1 - Starting...","exception":""}
{"@timestamp":"2025-12-09T12:20:14.299461-06:00","level":"INFO","service":"post-comments-app","thread":"main","logger":"com.zaxxer.hikari.pool.HikariPool","message":"HikariPool-1 - Added connection conn0: url=jdbc:h2:mem:postcomments user=SA","exception":""}
{"@timestamp":"2025-12-09T12:20:14.300168-06:00","level":"INFO","service":"post-comments-app","thread":"main","logger":"com.zaxxer.hikari.HikariDataSource","message":"HikariPool-1 - Start completed.","exception":""}
{"@timestamp":"2025-12-09T12:20:14.310786-06:00","level":"WARN","service":"post-comments-app","thread":"main","logger":"org.hibernate.orm.deprecation","message":"HHH90000025: H2Dialect does not need to be specified explicitly using 'hibernate.dialect' (remove the property setting and it will be selected by default)","exception":""}
{"@timestamp":"2025-12-09T12:20:14.719785-06:00","level":"INFO","service":"post-comments-app","thread":"main","logger":"org.springframework.orm.jpa.LocalContainerEntityManagerFactoryBean","message":"Initialized JPA EntityManagerFactory for persistence unit 'default'","exception":""}
{"@timestamp":"2025-12-09T12:20:14.976845-06:00","level":"INFO","service":"post-comments-app","thread":"main","logger":"com.sample.projects.postandcomments.config.AiConfig","message":"Initializing ChatClient bean for Spring AI","exception":""}
{"@timestamp":"2025-12-09T12:20:14.976996-06:00","level":"DEBUG","service":"post-comments-app","thread":"main","logger":"com.sample.projects.postandcomments.config.AiConfig","message":"ChatClient bean created successfully","exception":""}
{"@timestamp":"2025-12-09T12:20:15.031267-06:00","level":"WARN","service":"post-comments-app","thread":"main","logger":"org.springframework.boot.autoconfigure.orm.jpa.JpaBaseConfiguration$JpaWebConfiguration","message":"spring.jpa.open-in-view is enabled by default. Therefore, database queries may be performed during view rendering. Explicitly configure spring.jpa.open-in-view to disable this warning","exception":""}
{"@timestamp":"2025-12-09T12:20:15.224419-06:00","level":"INFO","service":"post-comments-app","thread":"main","logger":"org.springframework.boot.autoconfigure.h2.H2ConsoleAutoConfiguration","message":"H2 console available at '/h2-console'. Database available at 'jdbc:h2:mem:postcomments'","exception":""}
{"@timestamp":"2025-12-09T12:20:15.239166-06:00","level":"INFO","service":"post-comments-app","thread":"main","logger":"org.springframework.boot.actuate.endpoint.web.EndpointLinksResolver","message":"Exposing 4 endpoints beneath base path '/actuator'","exception":""}
{"@timestamp":"2025-12-09T12:20:15.267717-06:00","level":"INFO","service":"post-comments-app","thread":"main","logger":"org.apache.coyote.http11.Http11NioProtocol","message":"Starting ProtocolHandler [\"http-nio-8081\"]","exception":""}
{"@timestamp":"2025-12-09T12:20:15.277545-06:00","level":"INFO","service":"post-comments-app","thread":"main","logger":"org.springframework.boot.web.embedded.tomcat.TomcatWebServer","message":"Tomcat started on port 8081 (http) with context path '/'","exception":""}
{"@timestamp":"2025-12-09T12:20:15.28674-06:00","level":"INFO","service":"post-comments-app","thread":"main","logger":"com.sample.projects.postandcomments.PostAndCommentsApplication","message":"Started PostAndCommentsApplication in 2.266 seconds (process running for 2.396)","exception":""}
{"@timestamp":"2025-12-09T12:50:21.491061-06:00","level":"INFO","service":"post-comments-app","thread":"SpringApplicationShutdownHook","logger":"org.springframework.boot.web.embedded.tomcat.GracefulShutdown","message":"Commencing graceful shutdown. Waiting for active requests to complete","exception":""}
{"@timestamp":"2025-12-09T12:50:23.506522-06:00","level":"INFO","service":"post-comments-app","thread":"tomcat-shutdown","logger":"org.springframework.boot.web.embedded.tomcat.GracefulShutdown","message":"Graceful shutdown complete","exception":""}
{"@timestamp":"2025-12-09T12:50:23.516062-06:00","level":"INFO","service":"post-comments-app","thread":"SpringApplicationShutdownHook","logger":"org.springframework.orm.jpa.LocalContainerEntityManagerFactoryBean","message":"Closing JPA EntityManagerFactory for persistence unit 'default'","exception":""}
{"@timestamp":"2025-12-09T12:50:23.518299-06:00","level":"INFO","service":"post-comments-app","thread":"SpringApplicationShutdownHook","logger":"com.zaxxer.hikari.HikariDataSource","message":"HikariPool-1 - Shutdown initiated...","exception":""}
{"@timestamp":"2025-12-09T12:50:23.520077-06:00","level":"INFO","service":"post-comments-app","thread":"SpringApplicationShutdownHook","logger":"com.zaxxer.hikari.HikariDataSource","message":"HikariPool-1 - Shutdown completed.","exception":""}
{"@timestamp":"2025-12-09T12:50:36.825286-06:00","level":"INFO","thread_name":"main","logger_name":"com.sample.projects.postandcomments.PostAndCommentsApplication","message":"Starting PostAndCommentsApplication using Java 23.0.2 with PID 3178 (/Users/girmamogesteklemariam/ComputerEngineering/Projects/SampleProjects/Post-Comments-App/target/classes started by girmamogesteklemariam in /Users/girmamogesteklemariam/ComputerEngineering/Projects/SampleProjects/Post-Comments-App)"}
{"@timestamp":"2025-12-09T12:50:36.829017-06:00","level":"DEBUG","thread_name":"main","logger_name":"com.sample.projects.postandcomments.PostAndCommentsApplication","message":"Running with Spring Boot v3.5.7, Spring v6.2.12"}
{"@timestamp":"2025-12-09T12:50:36.829338-06:00","level":"INFO","thread_name":"main","logger_name":"com.sample.projects.postandcomments.PostAndCommentsApplication","message":"No active profile set, falling back to 1 default profile: \"default\""}
{"@timestamp":"2025-12-09T12:50:37.270305-06:00","level":"INFO","thread_name":"main","logger_name":"org.springframework.data.repository.config.RepositoryConfigurationDelegate","message":"Bootstrapping Spring Data JPA repositories in DEFAULT mode."}
{"@timestamp":"2025-12-09T12:50:37.334422-06:00","level":"INFO","thread_name":"main","logger_name":"org.springframework.data.repository.config.RepositoryConfigurationDelegate","message":"Finished Spring Data repository scanning in 60 ms. Found 4 JPA repository interfaces."}
{"@timestamp":"2025-12-09T12:50:37.518727-06:00","level":"INFO","thread_name":"main","logger_name":"org.springframework.boot.web.embedded.tomcat.TomcatWebServer","message":"Tomcat initialized with port 8081 (http)"}
{"@timestamp":"2025-12-09T12:50:37.52462-06:00","level":"INFO","thread_name":"main","logger_name":"org.apache.coyote.http11.Http11NioProtocol","message":"Initializing ProtocolHandler [\"http-nio-8081\"]"}
{"@timestamp":"2025-12-09T12:50:37.525203-06:00","level":"INFO","thread_name":"main","logger_name":"org.apache.catalina.core.StandardService","message":"Starting service [Tomcat]"}
{"@timestamp":"2025-12-09T12:50:37.525329-06:00","level":"INFO","thread_name":"main","logger_name":"org.apache.catalina.core.StandardEngine","message":"Starting Servlet engine: [Apache Tomcat/10.1.48]"}
{"@timestamp":"2025-12-09T12:50:37.548116-06:00","level":"INFO","thread_name":"main","logger_name":"org.apache.catalina.core.ContainerBase.[Tomcat].[localhost].[/]","message":"Initializing Spring embedded WebApplicationContext"}
{"@timestamp":"2025-12-09T12:50:37.548313-06:00","level":"INFO","thread_name":"main","logger_name":"org.springframework.boot.web.servlet.context.ServletWebServerApplicationContext","message":"Root WebApplicationContext: initialization completed in 700 ms"}
{"@timestamp":"2025-12-09T12:50:37.789707-06:00","level":"INFO","thread_name":"main","logger_name":"org.springframework.orm.jpa.persistenceunit.SpringPersistenceUnitInfo","message":"No LoadTimeWeaver setup: ignoring JPA class transformer"}
{"@timestamp":"2025-12-09T12:50:37.800759-06:00","level":"INFO","thread_name":"main","logger_name":"com.zaxxer.hikari.HikariDataSource","message":"HikariPool-1 - Starting..."}
{"@timestamp":"2025-12-09T12:50:37.870494-06:00","level":"INFO","thread_name":"main","logger_name":"com.zaxxer.hikari.pool.HikariPool","message":"HikariPool-1 - Added connection conn0: url=jdbc:h2:mem:postcomments user=SA"}
{"@timestamp":"2025-12-09T12:50:37.871251-06:00","level":"INFO","thread_name":"main","logger_name":"com.zaxxer.hikari.HikariDataSource","message":"HikariPool-1 - Start completed."}
{"@timestamp":"2025-12-09T12:50:37.882141-06:00","level":"WARN","thread_name":"main","logger_name":"org.hibernate.orm.deprecation","message":"HHH90000025: H2Dialect does not need to be specified explicitly using 'hibernate.dialect' (remove the property setting and it will be selected by default)"}
{"@timestamp":"2025-12-09T12:50:38.313349-06:00","level":"INFO","thread_name":"main","logger_name":"org.springframework.orm.jpa.LocalContainerEntityManagerFactoryBean","message":"Initialized JPA EntityManagerFactory for persistence unit 'default'"}
{"@timestamp":"2025-12-09T12:50:38.565398-06:00","level":"INFO","thread_name":"main","logger_name":"com.sample.projects.postandcomments.config.AiConfig","message":"Initializing ChatClient bean for Spring AI"}
{"@timestamp":"2025-12-09T12:50:38.565559-06:00","level":"DEBUG","thread_name":"main","logger_name":"com.sample.projects.postandcomments.config.AiConfig","message":"ChatClient bean created successfully"}
{"@timestamp":"2025-12-09T12:50:38.621199-06:00","level":"WARN","thread_name":"main","logger_name":"org.springframework.boot.autoconfigure.orm.jpa.JpaBaseConfiguration$JpaWebConfiguration","message":"spring.jpa.open-in-view is enabled by default. Therefore, database queries may be performed during view rendering. Explicitly configure spring.jpa.open-in-view to disable this warning"}
{"@timestamp":"2025-12-09T12:50:38.815117-06:00","level":"INFO","thread_name":"main","logger_name":"org.springframework.boot.autoconfigure.h2.H2ConsoleAutoConfiguration","message":"H2 console available at '/h2-console'. Database available at 'jdbc:h2:mem:postcomments'"}
{"@timestamp":"2025-12-09T12:50:38.831063-06:00","level":"INFO","thread_name":"main","logger_name":"org.springframework.boot.actuate.endpoint.web.EndpointLinksResolver","message":"Exposing 4 endpoints beneath base path '/actuator'"}
{"@timestamp":"2025-12-09T12:50:38.85993-06:00","level":"INFO","thread_name":"main","logger_name":"org.apache.coyote.http11.Http11NioProtocol","message":"Starting ProtocolHandler [\"http-nio-8081\"]"}
{"@timestamp":"2025-12-09T12:50:38.869348-06:00","level":"INFO","thread_name":"main","logger_name":"org.springframework.boot.web.embedded.tomcat.TomcatWebServer","message":"Tomcat started on port 8081 (http) with context path '/'"}
{"@timestamp":"2025-12-09T12:50:38.878791-06:00","level":"INFO","thread_name":"main","logger_name":"com.sample.projects.postandcomments.PostAndCommentsApplication","message":"Started PostAndCommentsApplication in 2.301 seconds (process running for 2.435)"}
{"@timestamp":"2025-12-09T12:55:59.031537-06:00","level":"INFO","thread_name":"http-nio-8081-exec-2","logger_name":"org.apache.catalina.core.ContainerBase.[Tomcat].[localhost].[/]","message":"Initializing Spring DispatcherServlet 'dispatcherServlet'"}
{"@timestamp":"2025-12-09T12:55:59.07246-06:00","level":"INFO","thread_name":"http-nio-8081-exec-2","logger_name":"com.sample.projects.postandcomments.controller.PostController","correlationId":"831ed4ce-d728-4146-a082-fb4b02c26df8","message":"Retrieving all posts"}
{"@timestamp":"2025-12-09T12:55:59.076669-06:00","level":"DEBUG","thread_name":"http-nio-8081-exec-2","logger_name":"com.sample.projects.postandcomments.service.impl.PostServiceImpl","correlationId":"831ed4ce-d728-4146-a082-fb4b02c26df8","message":"Finding all posts"}
{"@timestamp":"2025-12-09T12:55:59.154778-06:00","level":"INFO","thread_name":"http-nio-8081-exec-2","logger_name":"com.sample.projects.postandcomments.service.impl.PostServiceImpl","correlationId":"831ed4ce-d728-4146-a082-fb4b02c26df8","message":"Found 5 post(s)"}
{"@timestamp":"2025-12-09T12:55:59.159707-06:00","level":"DEBUG","thread_name":"http-nio-8081-exec-2","logger_name":"com.sample.projects.postandcomments.controller.PostController","correlationId":"831ed4ce-d728-4146-a082-fb4b02c26df8","message":"Retrieved 5 posts"}
{"@timestamp":"2025-12-09T13:09:39.282883-06:00","level":"INFO","thread_name":"SpringApplicationShutdownHook","logger_name":"org.springframework.boot.web.embedded.tomcat.GracefulShutdown","message":"Commencing graceful shutdown. Waiting for active requests to complete"}
{"@timestamp":"2025-12-09T13:09:41.297637-06:00","level":"INFO","thread_name":"tomcat-shutdown","logger_name":"org.springframework.boot.web.embedded.tomcat.GracefulShutdown","message":"Graceful shutdown complete"}
{"@timestamp":"2025-12-09T13:09:41.306521-06:00","level":"INFO","thread_name":"SpringApplicationShutdownHook","logger_name":"org.springframework.orm.jpa.LocalContainerEntityManagerFactoryBean","message":"Closing JPA EntityManagerFactory for persistence unit 'default'"}
{"@timestamp":"2025-12-09T13:09:41.30888-06:00","level":"INFO","thread_name":"SpringApplicationShutdownHook","logger_name":"com.zaxxer.hikari.HikariDataSource","message":"HikariPool-1 - Shutdown initiated..."}
{"@timestamp":"2025-12-09T13:09:41.311838-06:00","level":"INFO","thread_name":"SpringApplicationShutdownHook","logger_name":"com.zaxxer.hikari.HikariDataSource","message":"HikariPool-1 - Shutdown completed."}
